<?xml version="1.0" encoding="UTF-8"?>
<testng-results skipped="0" failed="1" ignored="0" total="5" passed="4">
  <reporter-output>
  </reporter-output>
  <suite name="Default suite" duration-ms="48350" started-at="2021-01-24T17:11:33 IST" finished-at="2021-01-24T17:12:21 IST">
    <groups>
      <group name="cucumber">
        <method signature="AbstractTestNGCucumberTests.runScenario(io.cucumber.testng.PickleWrapper, io.cucumber.testng.FeatureWrapper)[pri:0, instance:parallel.Parallelrunner@7692d9cc]" name="runScenario" class="io.cucumber.testng.AbstractTestNGCucumberTests"/>
      </group> <!-- cucumber -->
    </groups>
    <test name="Default test" duration-ms="48350" started-at="2021-01-24T17:11:33 IST" finished-at="2021-01-24T17:12:21 IST">
      <class name="parallel.Parallelrunner">
        <test-method status="PASS" signature="setUpClass()[pri:0, instance:parallel.Parallelrunner@7692d9cc]" name="setUpClass" is-config="true" duration-ms="930" started-at="2021-01-24T17:11:33 IST" finished-at="2021-01-24T17:11:34 IST">
          <reporter-output>
          </reporter-output>
        </test-method> <!-- setUpClass -->
        <test-method status="FAIL" signature="runScenario(io.cucumber.testng.PickleWrapper, io.cucumber.testng.FeatureWrapper)[pri:0, instance:parallel.Parallelrunner@7692d9cc]" name="runScenario" duration-ms="39662" started-at="2021-01-24T17:11:34 IST" description="Runs Cucumber Scenarios" data-provider="scenarios" finished-at="2021-01-24T17:12:13 IST">
          <params>
            <param index="0">
              <value>
                <![CDATA["Forgot password link"]]>
              </value>
            </param>
            <param index="1">
              <value>
                <![CDATA["Optional[Login]"]]>
              </value>
            </param>
          </params>
          <exception class="org.openqa.selenium.NoSuchElementException">
            <message>
              <![CDATA[no such element: Unable to locate element: {"method":"link text","selector":"Forgot your password?123"}
  (Session info: chrome=87.0.4280.141)
For documentation on this error, please visit: https://www.seleniumhq.org/exceptions/no_such_element.html
Build info: version: '3.141.59', revision: 'e82be7d358', time: '2018-11-14T08:17:03'
System info: host: 'LAPTOP-A7NKUG7S', ip: '192.168.1.6', os.name: 'Windows 10', os.arch: 'amd64', os.version: '10.0', java.version: '1.8.0_231'
Driver info: org.openqa.selenium.chrome.ChromeDriver
Capabilities {acceptInsecureCerts: false, browserName: chrome, browserVersion: 87.0.4280.141, chrome: {chromedriverVersion: 87.0.4280.88 (89e2380a3e36c..., userDataDir: C:\Users\lenovo\AppData\Loc...}, goog:chromeOptions: {debuggerAddress: localhost:59444}, javascriptEnabled: true, networkConnectionEnabled: false, pageLoadStrategy: normal, platform: WINDOWS, platformName: WINDOWS, proxy: Proxy(), setWindowRect: true, strictFileInteractability: false, timeouts: {implicit: 0, pageLoad: 300000, script: 30000}, unhandledPromptBehavior: dismiss and notify, webauthn:virtualAuthenticators: true}
Session ID: 6276e97048965dbfb7e98187bd657420
*** Element info: {Using=link text, value=Forgot your password?123}]]>
            </message>
            <full-stacktrace>
              <![CDATA[org.openqa.selenium.NoSuchElementException: no such element: Unable to locate element: {"method":"link text","selector":"Forgot your password?123"}
  (Session info: chrome=87.0.4280.141)
For documentation on this error, please visit: https://www.seleniumhq.org/exceptions/no_such_element.html
Build info: version: '3.141.59', revision: 'e82be7d358', time: '2018-11-14T08:17:03'
System info: host: 'LAPTOP-A7NKUG7S', ip: '192.168.1.6', os.name: 'Windows 10', os.arch: 'amd64', os.version: '10.0', java.version: '1.8.0_231'
Driver info: org.openqa.selenium.chrome.ChromeDriver
Capabilities {acceptInsecureCerts: false, browserName: chrome, browserVersion: 87.0.4280.141, chrome: {chromedriverVersion: 87.0.4280.88 (89e2380a3e36c..., userDataDir: C:\Users\lenovo\AppData\Loc...}, goog:chromeOptions: {debuggerAddress: localhost:59444}, javascriptEnabled: true, networkConnectionEnabled: false, pageLoadStrategy: normal, platform: WINDOWS, platformName: WINDOWS, proxy: Proxy(), setWindowRect: true, strictFileInteractability: false, timeouts: {implicit: 0, pageLoad: 300000, script: 30000}, unhandledPromptBehavior: dismiss and notify, webauthn:virtualAuthenticators: true}
Session ID: 6276e97048965dbfb7e98187bd657420
*** Element info: {Using=link text, value=Forgot your password?123}
at sun.reflect.NativeConstructorAccessorImpl.newInstance0(Native Method)
at sun.reflect.NativeConstructorAccessorImpl.newInstance(Unknown Source)
at sun.reflect.DelegatingConstructorAccessorImpl.newInstance(Unknown Source)
at java.lang.reflect.Constructor.newInstance(Unknown Source)
at org.openqa.selenium.remote.http.W3CHttpResponseCodec.createException(W3CHttpResponseCodec.java:187)
at org.openqa.selenium.remote.http.W3CHttpResponseCodec.decode(W3CHttpResponseCodec.java:122)
at org.openqa.selenium.remote.http.W3CHttpResponseCodec.decode(W3CHttpResponseCodec.java:49)
at org.openqa.selenium.remote.HttpCommandExecutor.execute(HttpCommandExecutor.java:158)
at org.openqa.selenium.remote.service.DriverCommandExecutor.execute(DriverCommandExecutor.java:83)
at org.openqa.selenium.remote.RemoteWebDriver.execute(RemoteWebDriver.java:552)
at org.openqa.selenium.remote.RemoteWebDriver.findElement(RemoteWebDriver.java:323)
at org.openqa.selenium.remote.RemoteWebDriver.findElementByLinkText(RemoteWebDriver.java:380)
at org.openqa.selenium.By$ByLinkText.findElement(By.java:220)
at org.openqa.selenium.remote.RemoteWebDriver.findElement(RemoteWebDriver.java:315)
at com.pages.LoginPage.isFrgotPasswordlinkExist(LoginPage.java:27)
at parallel.LoginSteps.forgot_password_link_should_be_displayed(LoginSteps.java:34)
at ✽.Forgot password link should be displayed(classpath:parallel/LoginPage.feature:10)
]]>
            </full-stacktrace>
          </exception> <!-- org.openqa.selenium.NoSuchElementException -->
          <reporter-output>
          </reporter-output>
        </test-method> <!-- runScenario -->
        <test-method status="PASS" signature="runScenario(io.cucumber.testng.PickleWrapper, io.cucumber.testng.FeatureWrapper)[pri:0, instance:parallel.Parallelrunner@7692d9cc]" name="runScenario" duration-ms="45121" started-at="2021-01-24T17:11:34 IST" description="Runs Cucumber Scenarios" data-provider="scenarios" finished-at="2021-01-24T17:12:19 IST">
          <params>
            <param index="0">
              <value>
                <![CDATA["Accounts page title"]]>
              </value>
            </param>
            <param index="1">
              <value>
                <![CDATA["Optional[Account page feature]"]]>
              </value>
            </param>
          </params>
          <reporter-output>
          </reporter-output>
        </test-method> <!-- runScenario -->
        <test-method status="PASS" signature="runScenario(io.cucumber.testng.PickleWrapper, io.cucumber.testng.FeatureWrapper)[pri:0, instance:parallel.Parallelrunner@7692d9cc]" name="runScenario" duration-ms="45121" started-at="2021-01-24T17:11:34 IST" description="Runs Cucumber Scenarios" data-provider="scenarios" finished-at="2021-01-24T17:12:19 IST">
          <params>
            <param index="0">
              <value>
                <![CDATA["My accounts section count"]]>
              </value>
            </param>
            <param index="1">
              <value>
                <![CDATA["Optional[Account page feature]"]]>
              </value>
            </param>
          </params>
          <reporter-output>
          </reporter-output>
        </test-method> <!-- runScenario -->
        <test-method status="PASS" signature="runScenario(io.cucumber.testng.PickleWrapper, io.cucumber.testng.FeatureWrapper)[pri:0, instance:parallel.Parallelrunner@7692d9cc]" name="runScenario" duration-ms="45126" started-at="2021-01-24T17:11:34 IST" description="Runs Cucumber Scenarios" data-provider="scenarios" finished-at="2021-01-24T17:12:19 IST">
          <params>
            <param index="0">
              <value>
                <![CDATA["Login with correct credentials"]]>
              </value>
            </param>
            <param index="1">
              <value>
                <![CDATA["Optional[Login]"]]>
              </value>
            </param>
          </params>
          <reporter-output>
          </reporter-output>
        </test-method> <!-- runScenario -->
        <test-method status="PASS" signature="runScenario(io.cucumber.testng.PickleWrapper, io.cucumber.testng.FeatureWrapper)[pri:0, instance:parallel.Parallelrunner@7692d9cc]" name="runScenario" duration-ms="39661" started-at="2021-01-24T17:11:34 IST" description="Runs Cucumber Scenarios" data-provider="scenarios" finished-at="2021-01-24T17:12:13 IST">
          <params>
            <param index="0">
              <value>
                <![CDATA["Login page title validation"]]>
              </value>
            </param>
            <param index="1">
              <value>
                <![CDATA["Optional[Login]"]]>
              </value>
            </param>
          </params>
          <reporter-output>
          </reporter-output>
        </test-method> <!-- runScenario -->
        <test-method status="PASS" signature="tearDownClass()[pri:0, instance:parallel.Parallelrunner@7692d9cc]" name="tearDownClass" is-config="true" duration-ms="2219" started-at="2021-01-24T17:12:19 IST" finished-at="2021-01-24T17:12:21 IST">
          <reporter-output>
          </reporter-output>
        </test-method> <!-- tearDownClass -->
      </class> <!-- parallel.Parallelrunner -->
    </test> <!-- Default test -->
  </suite> <!-- Default suite -->
</testng-results>
